[readster-template.webflow.io/shop.html]
[readster-template.webflow.io/about-us.html]
[readster-template.webflow.io/index.html]
[readster-template.webflow.io/category/biography.html]
[readster-template.webflow.io/product/a-promised-land.html]
[backblue.gif]
[fade.gif]
[index.html]
[assets-global.website-files.com/6491518bb88c5c4729ea8883/css/readster-template.webflow.ac103dc69.css]
[cdn.prod.website-files.com/6491518bb88c5c4729ea8883/64b4d0a577901d548fcf1133_favicon-small.jpg]
[cdn.prod.website-files.com/6491518bb88c5c4729ea8883/64b4d0aae72d81d58728c64a_favicon-big.jpg]
[readster-template.webflow.io/category/novel.html]
[readster-template.webflow.io/category/self-help.html]
[readster-template.webflow.io/blog.html]
[readster-template.webflow.io/checkout.html]
[cdn.prod.website-files.com/6491518bb88c5c4729ea8883/64b632862000571e3613c160_book-thumb-13.jpg]
[cdn.prod.website-files.com/6491518bb88c5c4729ea8883/64b63273ee9e6ec6db54d961_book-thumb-03.jpg]
[readster-template.webflow.io/customer-review.html]
[cdn.prod.website-files.com/6491518bb88c5c4729ea8883/64b63d3445c2ac6152c91839_review-01.jpg]
[cdn.prod.website-files.com/6491518bb88c5c4729ea8883/64b63d34ad9df4dad18efbd2_review-03.jpg]
[cdn.prod.website-files.com/6491518bb88c5c4729ea8883/64b63d346bbdd08b76f948c4_review-02.jpg]
[cdn.prod.website-files.com/6491518bb88c5c4729ea8883/64b65c072152ab63f7801aad_about-small.jpg]
[cdn.prod.website-files.com/6491518bb88c5c4729ea8883/64b65c076e64fe4278c64362_about-big.jpg]
[cdn.prod.website-files.com/6491518bb88c5c4729ea8883/64b667ebd3a2a264e26fd82c_biography.jpg]
[cdn.prod.website-files.com/6491518bb88c5c4729ea8883/64b667ebcbb311f07e232944_novel.jpg]
[cdn.prod.website-files.com/6491518bb88c5c4729ea8883/64b667ebb53f528e8fb001ac_self-help.jpg]
[readster-template.webflow.io/product/the-psychology-of-money.html]
[cdn.prod.website-files.com/64b787e06a1ea8dedc36b707/64ba5abe5edf60c6b4ec5e3e_book-main-13.jpg]
[readster-template.webflow.io/product/educated.html]
[cdn.prod.website-files.com/64b787e06a1ea8dedc36b707/64be0825ec69631e3132ef29_book-main-24.jpg]
[readster-template.webflow.io/product/where-the-crawdads-sing.html]
[cdn.prod.website-files.com/64b787e06a1ea8dedc36b707/64be0bb896697a59a996a3bb_book-main-08.jpg]
[readster-template.webflow.io/product/to-kill-a-mockingbird.html]
[cdn.prod.website-files.com/64b787e06a1ea8dedc36b707/64ba6870fa4742b8e114fd72_book-main-09.jpg]
[readster-template.webflow.io/product/the-almanack-of-naval-ravikant.html]
[cdn.prod.website-files.com/64b787e06a1ea8dedc36b707/64ba63853e598ba215b87048_book-main-19.jpg]
[cdn.prod.website-files.com/64b787e06a1ea8dedc36b707/64ba66a6f0d3c57c333072b9_book-main-10.jpg]
[readster-template.webflow.io/product/tuesdays-with-morrie.html]
[cdn.prod.website-files.com/64b787e06a1ea8dedc36b707/64ba678e4ea0e4d87b407c20_book-main-20.jpg]
[readster-template.webflow.io/product/the-alchemist.html]
[cdn.prod.website-files.com/64b787e06a1ea8dedc36b707/64ba6715ea0a30cccbac89aa_book-main-03.jpg]
[cdn.prod.website-files.com/64b787e06a1ea8dedc36b707/64ba67f2e3fee0b8d403319d_book-main-06.jpg]
[cdn.prod.website-files.com/64b787e06a1ea8dedc36b707/64ba63f73b619fe50e674577_book-main-02.jpg]
[readster-template.webflow.io/product/think-and-grow-rich.html]
[cdn.prod.website-files.com/64b787e06a1ea8dedc36b707/64ba5ee5443f47cb055dec2f_book-main-21.jpg]
[readster-template.webflow.io/product/12-rules-for-life.html]
[cdn.prod.website-files.com/64b787e06a1ea8dedc36b707/64ba5ad74a0de66a338dc3d2_book-main-01.jpg]
[readster-template.webflow.io/blog/a-journey-into-the-enchanting-depths-of-books.html]
[cdn.prod.website-files.com/64b787e06a1ea8dedc36b707/64b78f800dc24320783bd41c_blog-thumb-07.jpg]
[readster-template.webflow.io/blog/embracing-your-inner-strength-and-achieving-greatness.html]
[cdn.prod.website-files.com/64b787e06a1ea8dedc36b707/64b78c7c42421ae3cbc7433f_blog-thumb-01.jpg]
[cdn.prod.website-files.com/64b787e06a1ea8dedc36b707/64b78c9a6a1ea8dedc3dde42_blog-thumb-02.jpg]
[readster-template.webflow.io/style-guide.html]
[readster-template.webflow.io/licensing.html]
[readster-template.webflow.io/changelog.html]
[readster-template.webflow.io/401.html]
[readster-template.webflow.io/return-policy.html]
[readster-template.webflow.io/coming-soon.html]
[d3e54v103j8qbb.cloudfront.net/js/jquery-3.5.1.min.dc5e7f18c8b654.js]
[readster-template.webflow.io/index.html]
[assets-global.website-files.com/6491518bb88c5c4729ea8883/js/webflow.6c42fdd49.js]
[cdn.prod.website-files.com/64b787e06a1ea8dedc36b707/64ba681eb1e57aeadd9f2091_book-main-18.jpg]
[readster-template.webflow.io/product/1984.html]
[cdn.prod.website-files.com/64b787e06a1ea8dedc36b707/64ba67b6df86e673a1a04114_book-main-25.jpg]
[readster-template.webflow.io/product/the-da-vinci-code.html]
[cdn.prod.website-files.com/64b787e06a1ea8dedc36b707/64be09057fe70c796308b5c0_book-main-23.jpg]
[cdn.prod.website-files.com/64b787e06a1ea8dedc36b707/64ba66ee0c73018fbbc508a3_book-main-17.jpg]
[readster-template.webflow.io/shop.html]
[readster-template.webflow.io/shopec72.html]
[cdn.prod.website-files.com/6491518bb88c5c4729ea8883/64b7d1497c0010e65f43a224_story-01.jpg]
[cdn.prod.website-files.com/6491518bb88c5c4729ea8883/64b7d14992eeacec8d5ec1be_story-02.jpg]
[cdn.prod.website-files.com/6491518bb88c5c4729ea8883/64b7dc873cd5dc368f8e16d4_work-with-us.jpg]
[cdn.prod.website-files.com/6491518bb88c5c4729ea8883/64b7dc87492d42a5944cef34_publishing.jpg]
[cdn.prod.website-files.com/6491518bb88c5c4729ea8883/64b8c3f9b95f3502e5a1a784_team-thumb-01.jpg]
[cdn.prod.website-files.com/6491518bb88c5c4729ea8883/64b8c3f821d8a8af5b6f1bc7_team-thumb-02.jpg]
[cdn.prod.website-files.com/6491518bb88c5c4729ea8883/64b8c3f82fd64bfc7c1053f2_team-thumb-03.jpg]
[cdn.prod.website-files.com/6491518bb88c5c4729ea8883/64b8c3f8e7c0340aef940548_team-thumb-04.jpg]
[cdn.prod.website-files.com/6491518bb88c5c4729ea8883/64b8ce354bca56bb68b1df24_review-thumb-01.jpg]
[cdn.prod.website-files.com/6491518bb88c5c4729ea8883/64b8ce35c710ce2da7c76058_review-thumb-02.jpg]
[cdn.prod.website-files.com/6491518bb88c5c4729ea8883/64b8ce35c83686e55e3081a0_review-thumb-03.jpg]
[cdn.prod.website-files.com/6491518bb88c5c4729ea8883/64b8ce359bd4e117c6dd2ca5_review-thumb-04.jpg]
[cdn.prod.website-files.com/6491518bb88c5c4729ea8883/64b90086ebe4a1692fd8a65e_review-thumb-06.jpg]
[cdn.prod.website-files.com/6491518bb88c5c4729ea8883/64b900868b27fa1b12e7618e_review-thumb-07.jpg]
[readster-template.webflow.io/about-us.html]
[readster-template.webflow.io/product/einstein-his-life-and-universe.html]
[cdn.prod.website-files.com/64b787e06a1ea8dedc36b707/64be188db6b02693f066494b_book-main-15.jpg]
[readster-template.webflow.io/product/shoe-dog.html]
[cdn.prod.website-files.com/64b787e06a1ea8dedc36b707/64ba651bd6fe425eb93480b1_book-main-04.jpg]
[readster-template.webflow.io/category/biography.html]
[readster-template.webflow.io/product/a-promised-land.html]
[assets-global.website-files.com/6491518bb88c5c4729ea8883/css/readster-template.webflow.ac103dc69.css]
[readster-template.webflow.io/category/novel.html]
[readster-template.webflow.io/product/atomic-habits.html]
[cdn.prod.website-files.com/64b787e06a1ea8dedc36b707/64be07f7c2a60cecdfa97c79_book-main-14.jpg]
[readster-template.webflow.io/product/the-richest-man-in-babylon.html]
[cdn.prod.website-files.com/64b787e06a1ea8dedc36b707/64be07aba9b6312524b00127_book-main-16.jpg]
[readster-template.webflow.io/product/ikigai.html]
[cdn.prod.website-files.com/64b787e06a1ea8dedc36b707/64ba60320ecd3dee97d14370_book-main-05.jpg]
[readster-template.webflow.io/product/rich-dad-poor-dad.html]
[cdn.prod.website-files.com/64b787e06a1ea8dedc36b707/64ba5fff0c73018fbbbd80b5_book-main-12.jpg]
[readster-template.webflow.io/product/the-art-of-war.html]
[readster-template.webflow.io/category/self-help.html]
[cdn.prod.website-files.com/64b787e06a1ea8dedc36b707/64ba5e63a6e0ed8004cbfdca_book-main-11.jpg]
[readster-template.webflow.io/blog/discovering-strengths-and-embracing-change.html]
[cdn.prod.website-files.com/64b787e06a1ea8dedc36b707/64b78d0758a3b652921b47f0_blog-thumb-06.jpg]
[readster-template.webflow.io/blog/books-for-personal-growth-and-self-discovery.html]
[cdn.prod.website-files.com/64b787e06a1ea8dedc36b707/64b78cdfd61b23874760a141_blog-thumb-05.jpg]
[readster-template.webflow.io/blog/shop-your-favorite-reads-anytime-anywhere.html]
[cdn.prod.website-files.com/64b787e06a1ea8dedc36b707/64b78fd0f12bc6fafb99d9d9_blog-thumb-04.jpg]
[readster-template.webflow.io/blog/unleashing-the-power-of-positive-thinking.html]
[cdn.prod.website-files.com/64b787e06a1ea8dedc36b707/64b78fecfdc4c22a4d6545e6_blog-thumb-03.jpg]
[readster-template.webflow.io/blog.html]
[readster-template.webflow.io/checkout.html]
[readster-template.webflow.io/customer-review.html]
[readster-template.webflow.io/product/the-psychology-of-money.html]
[readster-template.webflow.io/product/educated.html]
[readster-template.webflow.io/product/where-the-crawdads-sing.html]
[readster-template.webflow.io/product/to-kill-a-mockingbird.html]
[readster-template.webflow.io/product/the-almanack-of-naval-ravikant.html]
[readster-template.webflow.io/product/tuesdays-with-morrie.html]
[readster-template.webflow.io/product/the-alchemist.html]
[readster-template.webflow.io/blog3299.html]
[readster-template.webflow.io/product/think-and-grow-rich.html]
[readster-template.webflow.io/product/12-rules-for-life.html]
[cdn.prod.website-files.com/64b787e06a1ea8dedc36b707/64b927db9c8880298a815826_blog-main-07.jpg]
[cdn.prod.website-files.com/64b787e06a1ea8dedc36b707/64b924b13eb4a41608bab573_64b5106a720955c1fec54f34_media-01.jpg]
[readster-template.webflow.io/blog/a-journey-into-the-enchanting-depths-of-books.html]
[cdn.prod.website-files.com/64b787e06a1ea8dedc36b707/64b924b2c6f83ddafd0bd274_64b51078c72ab7e4d88c570a_media-02.jpg]
[cdn.prod.website-files.com/64b787e06a1ea8dedc36b707/64b927955b7e1cc3d577136e_blog-main-01.jpg]
[readster-template.webflow.io/blog/embracing-your-inner-strength-and-achieving-greatness.html]
[cdn.prod.website-files.com/6491518bb88c5c4729ea8883/64b5106a720955c1fec54f34_media-01.jpg]
[cdn.prod.website-files.com/6491518bb88c5c4729ea8883/64b51078c72ab7e4d88c570a_media-02.jpg]
[readster-template.webflow.io/style-guide.html]
[readster-template.webflow.io/licensing.html]
[readster-template.webflow.io/changelog.html]
[assets-global.website-files.com/6491518bb88c5c4729ea8883/64b4d0a577901d548fcf1133_favicon-small.jpg]
[assets-global.website-files.com/6491518bb88c5c4729ea8883/64b4d0aae72d81d58728c64a_favicon-big.jpg]
[readster-template.webflow.io/401.html]
[readster-template.webflow.io/return-policy.html]
[readster-template.webflow.io/coming-soon.html]
[readster-template.webflow.io/product/1984.html]
[readster-template.webflow.io/product/the-da-vinci-code.html]
[readster-template.webflow.io/privacy-policy.html]
[readster-template.webflow.io/shopec72.html]
[readster-template.webflow.io/product/einstein-his-life-and-universe.html]
[readster-template.webflow.io/product/shoe-dog.html]
[readster-template.webflow.io/product/atomic-habits.html]
[readster-template.webflow.io/product/the-richest-man-in-babylon.html]
[readster-template.webflow.io/product/ikigai.html]
[readster-template.webflow.io/product/rich-dad-poor-dad.html]
[readster-template.webflow.io/product/the-art-of-war.html]
[readster-template.webflow.io/shopd792.html]
[cdn.prod.website-files.com/64b787e06a1ea8dedc36b707/64b927d17ff0029bc25fdda4_blog-main-06.jpg]
[readster-template.webflow.io/blog/discovering-strengths-and-embracing-change.html]
[cdn.prod.website-files.com/64b787e06a1ea8dedc36b707/64b927c7806237ea74a2b899_blog-main-05.jpg]
[readster-template.webflow.io/blog/books-for-personal-growth-and-self-discovery.html]
[cdn.prod.website-files.com/64b787e06a1ea8dedc36b707/64b927bb806237ea74a2ad88_blog-main-04.jpg]
[readster-template.webflow.io/blog/shop-your-favorite-reads-anytime-anywhere.html]
[cdn.prod.website-files.com/64b787e06a1ea8dedc36b707/64b927b0775baaccaca6437e_blog-main-03.jpg]
[readster-template.webflow.io/blog/unleashing-the-power-of-positive-thinking.html]
[readster-template.webflow.io/blog3299.html]
[readster-template.webflow.io/blogbecc.html]
[readster-template.webflow.io/privacy-policy.html]
[readster-template.webflow.io/shopd792.html]
[readster-template.webflow.io/blogbecc.html]
[readster-template.webflow.io/contact.html]
[readster-template.webflow.io/product/over-my-dead-body.html]
[readster-template.webflow.io/product/steve-jobs.html]
[readster-template.webflow.io/blog/books-to-inspire-motivate-and-unleash-your-inner-artist.html]
[readster-template.webflow.io/category-list.html]
[readster-template.webflow.io/404.html]
[readster-template.webflow.io/product/steal-like-an-artist.html]
[readster-template.webflow.io/product/titan-the-life-of-john-d-rockefeller-sr.html]
